android/app/build/outputs/logs/manifest-merger-release-report.txt
-- Merging decision tree log ---
manifest
ADDED from src/main/AndroidManifest.xml:1:1-35:12
	package
		ADDED from src/main/AndroidManifest.xml:2:5-25
		INJECTED from src/main/AndroidManifest.xml
		INJECTED from src/main/AndroidManifest.xml
	android:versionName
		ADDED from src/main/AndroidManifest.xml:4:5-30
		INJECTED from src/main/AndroidManifest.xml
		INJECTED from src/main/AndroidManifest.xml
	android:versionCode
		ADDED from src/main/AndroidManifest.xml:3:5-28
		INJECTED from src/main/AndroidManifest.xml
		INJECTED from src/main/AndroidManifest.xml
	xmlns:android
		ADDED from src/main/AndroidManifest.xml:1:11-69
uses-permission#android.permission.INTERNET
ADDED from src/main/AndroidManifest.xml:6:5-67
MERGED from [com.onesignal:OneSignal:3.4.4] AndroidManifest.xml:14:5-67
MERGED from [com.google.android.gms:play-services-gcm:8.4.0] AndroidManifest.xml:22:5-67
MERGED from [com.google.android.gms:play-services-measurement:8.4.0] AndroidManifest.xml:21:5-67
MERGED from [com.google.android.gms:play-services-analytics:8.4.0] AndroidManifest.xml:21:5-67
MERGED from [com.google.android.gms:play-services-maps:8.4.0] AndroidManifest.xml:21:5-66
	android:name
		ADDED from src/main/AndroidManifest.xml:6:22-64
uses-permission#android.permission.SYSTEM_ALERT_WINDOW
ADDED from src/main/AndroidManifest.xml:7:5-77
MERGED from [com.facebook.react:react-native:0.40.0] AndroidManifest.xml:11:5-78
	android:name
		ADDED from src/main/AndroidManifest.xml:7:22-75
uses-permission#android.permission.CAMERA
ADDED from src/main/AndroidManifest.xml:8:5-65
MERGED from [Caddie:react-native-camera:unspecified] AndroidManifest.xml:11:5-65
	android:name
		ADDED from src/main/AndroidManifest.xml:8:22-62
uses-sdk
ADDED from src/main/AndroidManifest.xml:10:5-12:41
MERGED from [Caddie:react-native-image-resizer:unspecified] AndroidManifest.xml:7:5-9:41
MERGED from [Caddie:react-native-image-picker:unspecified] AndroidManifest.xml:7:5-9:41
MERGED from [Caddie:react-native-device-info:unspecified] AndroidManifest.xml:7:5-9:41
MERGED from [Caddie:react-native-onesignal:unspecified] AndroidManifest.xml:7:5-9:41
MERGED from [com.onesignal:OneSignal:3.4.4] AndroidManifest.xml:4:5-43
MERGED from [com.google.android.gms:play-services-gcm:8.4.0] AndroidManifest.xml:18:5-42
MERGED from [com.google.android.gms:play-services-measurement:8.4.0] AndroidManifest.xml:18:5-42
MERGED from [com.google.android.gms:play-services-analytics:8.4.0] AndroidManifest.xml:18:5-42
MERGED from [com.google.android.gms:play-services-location:8.4.0] AndroidManifest.xml:18:5-42
MERGED from [com.google.android.gms:play-services-maps:8.4.0] AndroidManifest.xml:26:5-42
MERGED from [com.google.android.gms:play-services-base:8.4.0] AndroidManifest.xml:18:5-42
MERGED from [com.google.android.gms:play-services-basement:8.4.0] AndroidManifest.xml:18:5-42
MERGED from [Caddie:react-native-camera:unspecified] AndroidManifest.xml:7:5-9:41
MERGED from [Caddie:react-native-vector-icons:unspecified] AndroidManifest.xml:7:5-9:41
MERGED from [com.facebook.react:react-native:0.40.0] AndroidManifest.xml:7:5-9:41
MERGED from [com.android.support:appcompat-v7:23.0.1] AndroidManifest.xml:20:5-43
MERGED from [com.android.support:recyclerview-v7:23.0.1] AndroidManifest.xml:20:5-43
MERGED from [com.facebook.fresco:fresco:0.11.0] AndroidManifest.xml:5:5-7:41
MERGED from [com.facebook.fresco:drawee:0.11.0] AndroidManifest.xml:5:5-7:41
MERGED from [com.facebook.fresco:imagepipeline-okhttp3:0.11.0] AndroidManifest.xml:5:5-7:41
MERGED from [com.facebook.fresco:imagepipeline:0.11.0] AndroidManifest.xml:5:5-7:41
MERGED from [com.facebook.fresco:imagepipeline-base:0.11.0] AndroidManifest.xml:5:5-7:41
MERGED from [com.android.support:support-v4:23.2.1] AndroidManifest.xml:20:5-43
MERGED from [com.facebook.fresco:fbcore:0.11.0] AndroidManifest.xml:5:5-7:41
MERGED from [com.facebook.soloader:soloader:0.1.0] AndroidManifest.xml:2:3-70
	android:targetSdkVersion
		ADDED from src/main/AndroidManifest.xml:12:9-38
		INJECTED from src/main/AndroidManifest.xml
		INJECTED from src/main/AndroidManifest.xml
	android:minSdkVersion
		ADDED from src/main/AndroidManifest.xml:11:9-35
		INJECTED from src/main/AndroidManifest.xml
		INJECTED from src/main/AndroidManifest.xml
application
ADDED from src/main/AndroidManifest.xml:14:5-33:19
MERGED from [Caddie:react-native-image-picker:unspecified] AndroidManifest.xml:11:5-21:19
MERGED from [com.onesignal:OneSignal:3.4.4] AndroidManifest.xml:46:5-85:19
MERGED from [com.google.android.gms:play-services-gcm:8.4.0] AndroidManifest.xml:24:5-20
MERGED from [com.google.android.gms:play-services-measurement:8.4.0] AndroidManifest.xml:26:5-46:19
MERGED from [com.google.android.gms:play-services-analytics:8.4.0] AndroidManifest.xml:24:5-20
MERGED from [com.google.android.gms:play-services-location:8.4.0] AndroidManifest.xml:19:5-20
MERGED from [com.google.android.gms:play-services-maps:8.4.0] AndroidManifest.xml:27:5-20
MERGED from [com.google.android.gms:play-services-basement:8.4.0] AndroidManifest.xml:20:5-24:19
MERGED from [com.facebook.react:react-native:0.40.0] AndroidManifest.xml:13:5-20
MERGED from [com.android.support:appcompat-v7:23.0.1] AndroidManifest.xml:22:5-20
MERGED from [com.android.support:support-v4:23.2.1] AndroidManifest.xml:22:5-20
MERGED from [com.facebook.soloader:soloader:0.1.0] AndroidManifest.xml:3:3-17
MERGED from [org.webkit:android-jsc:r174650] AndroidManifest.xml:2:3-17
	android:screenOrientation
		ADDED from src/main/AndroidManifest.xml:20:7-43
	android:label
		ADDED from src/main/AndroidManifest.xml:17:7-39
	android:allowBackup
		ADDED from src/main/AndroidManifest.xml:16:7-33
	android:icon
		ADDED from src/main/AndroidManifest.xml:18:7-41
	android:theme
		ADDED from src/main/AndroidManifest.xml:19:7-38
	android:name
		ADDED from src/main/AndroidManifest.xml:15:7-38
activity#com.caddie.MainActivity
ADDED from src/main/AndroidManifest.xml:21:7-31:18
	android:screenOrientation
		ADDED from src/main/AndroidManifest.xml:25:9-45
	android:label
		ADDED from src/main/AndroidManifest.xml:23:9-41
	android:launchMode
		ADDED from src/main/AndroidManifest.xml:24:9-39
	android:configChanges
		ADDED from src/main/AndroidManifest.xml:26:9-79
	android:name
		ADDED from src/main/AndroidManifest.xml:22:9-37
intent-filter#android.intent.action.MAIN+android.intent.category.LAUNCHER
ADDED from src/main/AndroidManifest.xml:27:9-30:25
action#android.intent.action.MAIN
ADDED from src/main/AndroidManifest.xml:28:13-65
	android:name
		ADDED from src/main/AndroidManifest.xml:28:21-62
category#android.intent.category.LAUNCHER
ADDED from src/main/AndroidManifest.xml:29:13-73
	android:name
		ADDED from src/main/AndroidManifest.xml:29:23-70
activity#com.facebook.react.devsupport.DevSettingsActivity
ADDED from src/main/AndroidManifest.xml:32:7-84
	android:name
		ADDED from src/main/AndroidManifest.xml:32:17-81
provider#android.support.v4.content.FileProvider
ADDED from [Caddie:react-native-image-picker:unspecified] AndroidManifest.xml:12:9-20:20
	android:authorities
		ADDED from [Caddie:react-native-image-picker:unspecified] AndroidManifest.xml:14:13-60
	android:grantUriPermissions
		ADDED from [Caddie:react-native-image-picker:unspecified] AndroidManifest.xml:16:13-47
	android:exported
		ADDED from [Caddie:react-native-image-picker:unspecified] AndroidManifest.xml:15:13-37
	android:name
		ADDED from [Caddie:react-native-image-picker:unspecified] AndroidManifest.xml:13:13-67
meta-data#android.support.FILE_PROVIDER_PATHS
ADDED from [Caddie:react-native-image-picker:unspecified] AndroidManifest.xml:17:13-19:58
	android:resource
		ADDED from [Caddie:react-native-image-picker:unspecified] AndroidManifest.xml:19:17-55
	android:name
		ADDED from [Caddie:react-native-image-picker:unspecified] AndroidManifest.xml:18:17-67
permission#${applicationId}.permission.C2D_MESSAGE
ADDED from [com.onesignal:OneSignal:3.4.4] AndroidManifest.xml:7:5-9:47
	android:protectionLevel
		ADDED from [com.onesignal:OneSignal:3.4.4] AndroidManifest.xml:9:9-44
	android:name
		ADDED from [com.onesignal:OneSignal:3.4.4] AndroidManifest.xml:8:9-63
uses-permission#${applicationId}.permission.C2D_MESSAGE
ADDED from [com.onesignal:OneSignal:3.4.4] AndroidManifest.xml:11:5-79
	android:name
		ADDED from [com.onesignal:OneSignal:3.4.4] AndroidManifest.xml:11:22-76
uses-permission#com.google.android.c2dm.permission.RECEIVE
ADDED from [com.onesignal:OneSignal:3.4.4] AndroidManifest.xml:15:5-82
MERGED from [com.google.android.gms:play-services-gcm:8.4.0] AndroidManifest.xml:21:5-82
	android:name
		ADDED from [com.onesignal:OneSignal:3.4.4] AndroidManifest.xml:15:22-79
uses-permission#android.permission.WAKE_LOCK
ADDED from [com.onesignal:OneSignal:3.4.4] AndroidManifest.xml:16:5-68
MERGED from [com.google.android.gms:play-services-measurement:8.4.0] AndroidManifest.xml:24:5-67
	android:name
		ADDED from [com.onesignal:OneSignal:3.4.4] AndroidManifest.xml:16:22-65
uses-permission#android.permission.VIBRATE
ADDED from [com.onesignal:OneSignal:3.4.4] AndroidManifest.xml:21:5-66
	android:name
		ADDED from [com.onesignal:OneSignal:3.4.4] AndroidManifest.xml:21:22-63
uses-permission#android.permission.ACCESS_NETWORK_STATE
ADDED from [com.onesignal:OneSignal:3.4.4] AndroidManifest.xml:22:5-79
MERGED from [com.google.android.gms:play-services-measurement:8.4.0] AndroidManifest.xml:22:5-79
MERGED from [com.google.android.gms:play-services-analytics:8.4.0] AndroidManifest.xml:22:5-79
MERGED from [com.google.android.gms:play-services-maps:8.4.0] AndroidManifest.xml:20:5-78
	android:name
		ADDED from [com.onesignal:OneSignal:3.4.4] AndroidManifest.xml:22:22-76
uses-permission#android.permission.RECEIVE_BOOT_COMPLETED
ADDED from [com.onesignal:OneSignal:3.4.4] AndroidManifest.xml:27:5-81
	android:name
		ADDED from [com.onesignal:OneSignal:3.4.4] AndroidManifest.xml:27:22-78
uses-permission#com.sec.android.provider.badge.permission.READ
ADDED from [com.onesignal:OneSignal:3.4.4] AndroidManifest.xml:29:5-86
	android:name
		ADDED from [com.onesignal:OneSignal:3.4.4] AndroidManifest.xml:29:22-83
uses-permission#com.sec.android.provider.badge.permission.WRITE
ADDED from [com.onesignal:OneSignal:3.4.4] AndroidManifest.xml:30:5-87
	android:name
		ADDED from [com.onesignal:OneSignal:3.4.4] AndroidManifest.xml:30:22-84
uses-permission#com.htc.launcher.permission.READ_SETTINGS
ADDED from [com.onesignal:OneSignal:3.4.4] AndroidManifest.xml:31:5-81
	android:name
		ADDED from [com.onesignal:OneSignal:3.4.4] AndroidManifest.xml:31:22-78
uses-permission#com.htc.launcher.permission.UPDATE_SHORTCUT
ADDED from [com.onesignal:OneSignal:3.4.4] AndroidManifest.xml:32:5-83
	android:name
		ADDED from [com.onesignal:OneSignal:3.4.4] AndroidManifest.xml:32:22-80
uses-permission#com.sonyericsson.home.permission.BROADCAST_BADGE
ADDED from [com.onesignal:OneSignal:3.4.4] AndroidManifest.xml:33:5-88
	android:name
		ADDED from [com.onesignal:OneSignal:3.4.4] AndroidManifest.xml:33:22-85
uses-permission#com.sonymobile.home.permission.PROVIDER_INSERT_BADGE
ADDED from [com.onesignal:OneSignal:3.4.4] AndroidManifest.xml:34:5-92
	android:name
		ADDED from [com.onesignal:OneSignal:3.4.4] AndroidManifest.xml:34:22-89
uses-permission#com.anddoes.launcher.permission.UPDATE_COUNT
ADDED from [com.onesignal:OneSignal:3.4.4] AndroidManifest.xml:35:5-84
	android:name
		ADDED from [com.onesignal:OneSignal:3.4.4] AndroidManifest.xml:35:22-81
uses-permission#com.majeur.launcher.permission.UPDATE_BADGE
ADDED from [com.onesignal:OneSignal:3.4.4] AndroidManifest.xml:36:5-83
	android:name
		ADDED from [com.onesignal:OneSignal:3.4.4] AndroidManifest.xml:36:22-80
uses-permission#com.huawei.android.launcher.permission.CHANGE_BADGE
ADDED from [com.onesignal:OneSignal:3.4.4] AndroidManifest.xml:37:5-91
	android:name
		ADDED from [com.onesignal:OneSignal:3.4.4] AndroidManifest.xml:37:22-88
uses-permission#com.huawei.android.launcher.permission.READ_SETTINGS
ADDED from [com.onesignal:OneSignal:3.4.4] AndroidManifest.xml:38:5-92
	android:name
		ADDED from [com.onesignal:OneSignal:3.4.4] AndroidManifest.xml:38:22-89
uses-permission#com.huawei.android.launcher.permission.WRITE_SETTINGS
ADDED from [com.onesignal:OneSignal:3.4.4] AndroidManifest.xml:39:5-93
	android:name
		ADDED from [com.onesignal:OneSignal:3.4.4] AndroidManifest.xml:39:22-90
uses-permission#android.permission.READ_APP_BADGE
ADDED from [com.onesignal:OneSignal:3.4.4] AndroidManifest.xml:40:5-73
	android:name
		ADDED from [com.onesignal:OneSignal:3.4.4] AndroidManifest.xml:40:22-70
uses-permission#com.oppo.launcher.permission.READ_SETTINGS
ADDED from [com.onesignal:OneSignal:3.4.4] AndroidManifest.xml:41:5-82
	android:name
		ADDED from [com.onesignal:OneSignal:3.4.4] AndroidManifest.xml:41:22-79
uses-permission#com.oppo.launcher.permission.WRITE_SETTINGS
ADDED from [com.onesignal:OneSignal:3.4.4] AndroidManifest.xml:42:5-83
	android:name
		ADDED from [com.onesignal:OneSignal:3.4.4] AndroidManifest.xml:42:22-80
uses-permission#me.everything.badger.permission.BADGE_COUNT_READ
ADDED from [com.onesignal:OneSignal:3.4.4] AndroidManifest.xml:43:5-88
	android:name
		ADDED from [com.onesignal:OneSignal:3.4.4] AndroidManifest.xml:43:22-85
uses-permission#me.everything.badger.permission.BADGE_COUNT_WRITE
ADDED from [com.onesignal:OneSignal:3.4.4] AndroidManifest.xml:44:5-89
	android:name
		ADDED from [com.onesignal:OneSignal:3.4.4] AndroidManifest.xml:44:22-86
meta-data#onesignal_app_id
ADDED from [com.onesignal:OneSignal:3.4.4] AndroidManifest.xml:47:9-49:51
	android:value
		ADDED from [com.onesignal:OneSignal:3.4.4] AndroidManifest.xml:49:13-48
	android:name
		ADDED from [com.onesignal:OneSignal:3.4.4] AndroidManifest.xml:48:13-44
meta-data#onesignal_google_project_number
ADDED from [com.onesignal:OneSignal:3.4.4] AndroidManifest.xml:50:9-52:70
	android:value
		ADDED from [com.onesignal:OneSignal:3.4.4] AndroidManifest.xml:52:13-67
	android:name
		ADDED from [com.onesignal:OneSignal:3.4.4] AndroidManifest.xml:51:13-59
receiver#com.onesignal.GcmBroadcastReceiver
ADDED from [com.onesignal:OneSignal:3.4.4] AndroidManifest.xml:54:9-62:20
	android:permission
		ADDED from [com.onesignal:OneSignal:3.4.4] AndroidManifest.xml:56:13-73
	android:name
		ADDED from [com.onesignal:OneSignal:3.4.4] AndroidManifest.xml:55:13-62
intent-filter#${applicationId}+com.google.android.c2dm.intent.RECEIVE
ADDED from [com.onesignal:OneSignal:3.4.4] AndroidManifest.xml:57:13-61:29
action#com.google.android.c2dm.intent.RECEIVE
ADDED from [com.onesignal:OneSignal:3.4.4] AndroidManifest.xml:58:17-81
	android:name
		ADDED from [com.onesignal:OneSignal:3.4.4] AndroidManifest.xml:58:25-78
category#${applicationId}
ADDED from [com.onesignal:OneSignal:3.4.4] AndroidManifest.xml:60:17-61
	android:name
		ADDED from [com.onesignal:OneSignal:3.4.4] AndroidManifest.xml:60:27-58
receiver#com.onesignal.NotificationOpenedReceiver
ADDED from [com.onesignal:OneSignal:3.4.4] AndroidManifest.xml:63:9-77
	android:name
		ADDED from [com.onesignal:OneSignal:3.4.4] AndroidManifest.xml:63:19-74
service#com.onesignal.GcmIntentService
ADDED from [com.onesignal:OneSignal:3.4.4] AndroidManifest.xml:65:9-66
	android:name
		ADDED from [com.onesignal:OneSignal:3.4.4] AndroidManifest.xml:65:18-63
service#com.onesignal.SyncService
ADDED from [com.onesignal:OneSignal:3.4.4] AndroidManifest.xml:66:9-61
	android:name
		ADDED from [com.onesignal:OneSignal:3.4.4] AndroidManifest.xml:66:18-58
activity#com.onesignal.PermissionsActivity
ADDED from [com.onesignal:OneSignal:3.4.4] AndroidManifest.xml:68:9-70:75
	android:theme
		ADDED from [com.onesignal:OneSignal:3.4.4] AndroidManifest.xml:70:13-72
	android:name
		ADDED from [com.onesignal:OneSignal:3.4.4] AndroidManifest.xml:69:13-61
service#com.onesignal.NotificationRestoreService
ADDED from [com.onesignal:OneSignal:3.4.4] AndroidManifest.xml:72:9-76
	android:name
		ADDED from [com.onesignal:OneSignal:3.4.4] AndroidManifest.xml:72:18-73
receiver#com.onesignal.BootUpReceiver
ADDED from [com.onesignal:OneSignal:3.4.4] AndroidManifest.xml:74:9-79:20
	android:name
		ADDED from [com.onesignal:OneSignal:3.4.4] AndroidManifest.xml:74:19-62
intent-filter#android.intent.action.BOOT_COMPLETED+android.intent.action.QUICKBOOT_POWERON
ADDED from [com.onesignal:OneSignal:3.4.4] AndroidManifest.xml:75:13-78:29
action#android.intent.action.BOOT_COMPLETED
ADDED from [com.onesignal:OneSignal:3.4.4] AndroidManifest.xml:76:17-79
	android:name
		ADDED from [com.onesignal:OneSignal:3.4.4] AndroidManifest.xml:76:25-76
action#android.intent.action.QUICKBOOT_POWERON
ADDED from [com.onesignal:OneSignal:3.4.4] AndroidManifest.xml:77:17-82
	android:name
		ADDED from [com.onesignal:OneSignal:3.4.4] AndroidManifest.xml:77:25-79
receiver#com.onesignal.UpgradeReceiver
ADDED from [com.onesignal:OneSignal:3.4.4] AndroidManifest.xml:80:9-84:20
	android:name
		ADDED from [com.onesignal:OneSignal:3.4.4] AndroidManifest.xml:80:19-63
intent-filter#android.intent.action.MY_PACKAGE_REPLACED
ADDED from [com.onesignal:OneSignal:3.4.4] AndroidManifest.xml:81:13-83:29
action#android.intent.action.MY_PACKAGE_REPLACED
ADDED from [com.onesignal:OneSignal:3.4.4] AndroidManifest.xml:82:17-84
	android:name
		ADDED from [com.onesignal:OneSignal:3.4.4] AndroidManifest.xml:82:25-81
provider#com.google.android.gms.measurement.AppMeasurementContentProvider
ADDED from [com.google.android.gms:play-services-measurement:8.4.0] AndroidManifest.xml:28:7-31:37
	android:authorities
		ADDED from [com.google.android.gms:play-services-measurement:8.4.0] AndroidManifest.xml:29:11-76
	android:exported
		ADDED from [com.google.android.gms:play-services-measurement:8.4.0] AndroidManifest.xml:31:11-35
	android:name
		ADDED from [com.google.android.gms:play-services-measurement:8.4.0] AndroidManifest.xml:30:11-90
receiver#com.google.android.gms.measurement.AppMeasurementReceiver
ADDED from [com.google.android.gms:play-services-measurement:8.4.0] AndroidManifest.xml:33:7-39:18
	android:enabled
		ADDED from [com.google.android.gms:play-services-measurement:8.4.0] AndroidManifest.xml:35:11-33
	android:name
		ADDED from [com.google.android.gms:play-services-measurement:8.4.0] AndroidManifest.xml:34:11-83
intent-filter#com.google.android.gms.measurement.UPLOAD
ADDED from [com.google.android.gms:play-services-measurement:8.4.0] AndroidManifest.xml:36:9-38:25
action#com.google.android.gms.measurement.UPLOAD
ADDED from [com.google.android.gms:play-services-measurement:8.4.0] AndroidManifest.xml:37:11-77
	android:name
		ADDED from [com.google.android.gms:play-services-measurement:8.4.0] AndroidManifest.xml:37:19-75
service#com.google.android.gms.measurement.AppMeasurementService
ADDED from [com.google.android.gms:play-services-measurement:8.4.0] AndroidManifest.xml:41:7-44:37
	android:enabled
		ADDED from [com.google.android.gms:play-services-measurement:8.4.0] AndroidManifest.xml:43:11-33
	android:exported
		ADDED from [com.google.android.gms:play-services-measurement:8.4.0] AndroidManifest.xml:44:11-35
	android:name
		ADDED from [com.google.android.gms:play-services-measurement:8.4.0] AndroidManifest.xml:42:11-82
uses-feature#0x00020000
ADDED from [com.google.android.gms:play-services-maps:8.4.0] AndroidManifest.xml:22:5-24:33
	android:glEsVersion
		ADDED from [com.google.android.gms:play-services-maps:8.4.0] AndroidManifest.xml:23:8-40
	android:required
		ADDED from [com.google.android.gms:play-services-maps:8.4.0] AndroidManifest.xml:24:8-31
meta-data#com.google.android.gms.version
ADDED from [com.google.android.gms:play-services-basement:8.4.0] AndroidManifest.xml:21:9-23:69
	android:value
		ADDED from [com.google.android.gms:play-services-basement:8.4.0] AndroidManifest.xml:23:13-66
	android:name
		ADDED from [com.google.android.gms:play-services-basement:8.4.0] AndroidManifest.xml:22:13-58
uses-permission#android.permission.RECORD_AUDIO
ADDED from [Caddie:react-native-camera:unspecified] AndroidManifest.xml:12:5-71
	android:name
		ADDED from [Caddie:react-native-camera:unspecified] AndroidManifest.xml:12:22-68
uses-permission#android.permission.RECORD_VIDEO
ADDED from [Caddie:react-native-camera:unspecified] AndroidManifest.xml:13:5-71
	android:name
		ADDED from [Caddie:react-native-camera:unspecified] AndroidManifest.xml:13:22-68
uses-permission#android.permission.READ_EXTERNAL_STORAGE
ADDED from [Caddie:react-native-camera:unspecified] AndroidManifest.xml:14:5-80
	android:name
		ADDED from [Caddie:react-native-camera:unspecified] AndroidManifest.xml:14:22-77
uses-permission#android.permission.WRITE_EXTERNAL_STORAGE
ADDED from [Caddie:react-native-camera:unspecified] AndroidManifest.xml:15:5-81
	android:name
		ADDED from [Caddie:react-native-camera:unspecified] AndroidManifest.xml:15:22-78
uses-feature#android.hardware.camera
ADDED from [Caddie:react-native-camera:unspecified] AndroidManifest.xml:17:5-19:36
	android:required
		ADDED from [Caddie:react-native-camera:unspecified] AndroidManifest.xml:19:9-33
	android:name
		ADDED from [Caddie:react-native-camera:unspecified] AndroidManifest.xml:18:9-47
uses-feature#android.hardware.camera.autofocus
ADDED from [Caddie:react-native-camera:unspecified] AndroidManifest.xml:20:5-22:36
	android:required
		ADDED from [Caddie:react-native-camera:unspecified] AndroidManifest.xml:22:9-33
	android:name
		ADDED from [Caddie:react-native-camera:unspecified] AndroidManifest.xml:21:9-57
android:uses-permission#android.permission.READ_PHONE_STATE
IMPLIED from src/main/AndroidManifest.xml:1:1-35:12 reason: org.webkit.android_jsc has a targetSdkVersion < 4